<?xml version="1.0" encoding="UTF-8"?>
<!-- Generated by org.testng.reporters.JUnitXMLReporter -->
<testsuite hostname="LAPTOP-9K4D7D1I" ignored="0" name="Command line test" tests="3" failures="0" timestamp="2022-11-05T18:07:54 IST" time="0.964" errors="0">
  <testcase name="feature" time="0.297" classname="qumu.RunnerTest"/>
  <testcase name="feature" time="0.006" classname="qumu.RunnerTest"/>
  <testcase name="feature" time="0.017" classname="qumu.RunnerTest"/>
</testsuite> <!-- Command line test -->
